# JRE version: OpenJDK Runtime Environment Microsoft-12574459 (21.0.9+10) (build 21.0.9+10-LTS)
# Java VM: OpenJDK 64-Bit Server VM Microsoft-12574459 (21.0.9+10-LTS, mixed mode, sharing, tiered, compressed oops, compressed class ptrs, g1 gc, windows-amd64)
GC Precious Log:
 CardTable entry size: 512
 Card Set container configuration: InlinePtr #cards 4 size 8 Array Of Cards #cards 16 size 48 Howl #buckets 8 coarsen threshold 3686 Howl Bitmap #cards 512 size 80 coarsen threshold 460 Card regions per heap region 1 cards per card region 4096
 CPUs: 16 total, 16 available
 Memory: 16088M
 Large Page Support: Disabled
 NUMA Support: Disabled
 Compressed Oops: Enabled (Zero based)
 Heap Region Size: 2M
 Heap Min Capacity: 8M
 Heap Initial Capacity: 252M
 Heap Max Capacity: 4024M
 Pre-touch: Disabled
 Parallel Workers: 13
 Concurrent Workers: 3
 Concurrent Refinement Workers: 13
 Periodic GC: Disabled
Heap:
 garbage-first heap   total 151552K, used 91844K [0x0000000704800000, 0x0000000800000000)
  region size 2048K, 26 young (53248K), 4 survivors (8192K)
 Metaspace       used 105652K, committed 106688K, reserved 1179648K
  class space    used 13157K, committed 13632K, reserved 1048576K
GC Heap History (20 events):
Event: 1339.493 GC heap before
{Heap before GC invocations=41 (full 6):
 garbage-first heap   total 131072K, used 111774K [0x0000000704800000, 0x0000000800000000)
  region size 2048K, 37 young (75776K), 3 survivors (6144K)
 Metaspace       used 99082K, committed 99968K, reserved 1179648K
  class space    used 12718K, committed 13120K, reserved 1048576K
}
Event: 1339.500 GC heap after
{Heap after GC invocations=42 (full 6):
 garbage-first heap   total 157696K, used 44867K [0x0000000704800000, 0x0000000800000000)
  region size 2048K, 3 young (6144K), 3 survivors (6144K)
 Metaspace       used 99082K, committed 99968K, reserved 1179648K
  class space    used 12718K, committed 13120K, reserved 1048576K
}
Event: 1761.813 GC heap before
{Heap before GC invocations=42 (full 6):
 garbage-first heap   total 157696K, used 104259K [0x0000000704800000, 0x0000000800000000)
  region size 2048K, 34 young (69632K), 3 survivors (6144K)
 Metaspace       used 99170K, committed 100032K, reserved 1179648K
  class space    used 12719K, committed 13120K, reserved 1048576K
}
Event: 1761.874 GC heap after
{Heap after GC invocations=43 (full 7):
 garbage-first heap   total 157696K, used 40052K [0x0000000704800000, 0x0000000800000000)
  region size 2048K, 0 young (0K), 0 survivors (0K)
 Metaspace       used 99157K, committed 100032K, reserved 1179648K
  class space    used 12717K, committed 13120K, reserved 1048576K
}
Event: 1762.974 GC heap before
{Heap before GC invocations=43 (full 7):
 garbage-first heap   total 157696K, used 128116K [0x0000000704800000, 0x0000000800000000)
  region size 2048K, 43 young (88064K), 0 survivors (0K)
 Metaspace       used 100080K, committed 100992K, reserved 1179648K
  class space    used 12792K, committed 13184K, reserved 1048576K
}
Event: 1762.978 GC heap after
{Heap after GC invocations=44 (full 7):
 garbage-first heap   total 157696K, used 47107K [0x0000000704800000, 0x0000000800000000)
  region size 2048K, 4 young (8192K), 4 survivors (8192K)
 Metaspace       used 100080K, committed 100992K, reserved 1179648K
  class space    used 12792K, committed 13184K, reserved 1048576K
}
Event: 2044.648 GC heap before
{Heap before GC invocations=45 (full 7):
 garbage-first heap   total 157696K, used 118787K [0x0000000704800000, 0x0000000800000000)
  region size 2048K, 40 young (81920K), 4 survivors (8192K)
 Metaspace       used 100541K, committed 101440K, reserved 1179648K
  class space    used 12818K, committed 13248K, reserved 1048576K
}
Event: 2044.693 GC heap after
{Heap after GC invocations=46 (full 8):
 garbage-first heap   total 151552K, used 39975K [0x0000000704800000, 0x0000000800000000)
  region size 2048K, 0 young (0K), 0 survivors (0K)
 Metaspace       used 100529K, committed 101440K, reserved 1179648K
  class space    used 12816K, committed 13248K, reserved 1048576K
}
Event: 2045.961 GC heap before
{Heap before GC invocations=46 (full 8):
 garbage-first heap   total 151552K, used 121895K [0x0000000704800000, 0x0000000800000000)
  region size 2048K, 41 young (83968K), 0 survivors (0K)
 Metaspace       used 101281K, committed 102208K, reserved 1179648K
  class space    used 12883K, committed 13312K, reserved 1048576K
}
Event: 2045.967 GC heap after
{Heap after GC invocations=47 (full 8):
 garbage-first heap   total 151552K, used 46903K [0x0000000704800000, 0x0000000800000000)
  region size 2048K, 4 young (8192K), 4 survivors (8192K)
 Metaspace       used 101281K, committed 102208K, reserved 1179648K
  class space    used 12883K, committed 13312K, reserved 1048576K
}
Event: 2271.093 GC heap before
{Heap before GC invocations=48 (full 8):
 garbage-first heap   total 151552K, used 124727K [0x0000000704800000, 0x0000000800000000)
  region size 2048K, 43 young (88064K), 4 survivors (8192K)
 Metaspace       used 102161K, committed 103104K, reserved 1179648K
  class space    used 12929K, committed 13376K, reserved 1048576K
}
Event: 2271.132 GC heap after
{Heap after GC invocations=49 (full 9):
 garbage-first heap   total 151552K, used 41459K [0x0000000704800000, 0x0000000800000000)
  region size 2048K, 0 young (0K), 0 survivors (0K)
 Metaspace       used 102148K, committed 103104K, reserved 1179648K
  class space    used 12927K, committed 13376K, reserved 1048576K
}
Event: 2272.429 GC heap before
{Heap before GC invocations=49 (full 9):
 garbage-first heap   total 151552K, used 123379K [0x0000000704800000, 0x0000000800000000)
  region size 2048K, 41 young (83968K), 0 survivors (0K)
 Metaspace       used 103050K, committed 104000K, reserved 1179648K
  class space    used 13003K, committed 13440K, reserved 1048576K
}
Event: 2272.440 GC heap after
{Heap after GC invocations=50 (full 9):
 garbage-first heap   total 151552K, used 48619K [0x0000000704800000, 0x0000000800000000)
  region size 2048K, 4 young (8192K), 4 survivors (8192K)
 Metaspace       used 103050K, committed 104000K, reserved 1179648K
  class space    used 13003K, committed 13440K, reserved 1048576K
}
Event: 2536.534 GC heap before
{Heap before GC invocations=51 (full 9):
 garbage-first heap   total 151552K, used 128491K [0x0000000704800000, 0x0000000800000000)
  region size 2048K, 43 young (88064K), 4 survivors (8192K)
 Metaspace       used 103963K, committed 104896K, reserved 1179648K
  class space    used 13055K, committed 13504K, reserved 1048576K
}
Event: 2536.544 GC heap after
{Heap after GC invocations=52 (full 9):
 garbage-first heap   total 151552K, used 50768K [0x0000000704800000, 0x0000000800000000)
  region size 2048K, 2 young (4096K), 2 survivors (4096K)
 Metaspace       used 103963K, committed 104896K, reserved 1179648K
  class space    used 13055K, committed 13504K, reserved 1048576K
}
Event: 3071.607 GC heap before
{Heap before GC invocations=52 (full 9):
 garbage-first heap   total 151552K, used 122448K [0x0000000704800000, 0x0000000800000000)
  region size 2048K, 38 young (77824K), 2 survivors (4096K)
 Metaspace       used 104352K, committed 105280K, reserved 1179648K
  class space    used 13060K, committed 13504K, reserved 1048576K
}
Event: 3071.655 GC heap after
{Heap after GC invocations=53 (full 10):
 garbage-first heap   total 151552K, used 42220K [0x0000000704800000, 0x0000000800000000)
  region size 2048K, 0 young (0K), 0 survivors (0K)
 Metaspace       used 104339K, committed 105280K, reserved 1179648K
  class space    used 13058K, committed 13504K, reserved 1048576K
}
Event: 3072.844 GC heap before
{Heap before GC invocations=53 (full 10):
 garbage-first heap   total 151552K, used 122092K [0x0000000704800000, 0x0000000800000000)
  region size 2048K, 40 young (81920K), 0 survivors (0K)
 Metaspace       used 105095K, committed 106112K, reserved 1179648K
  class space    used 13126K, committed 13568K, reserved 1048576K
}
Event: 3072.850 GC heap after
{Heap after GC invocations=54 (full 10):
 garbage-first heap   total 151552K, used 48836K [0x0000000704800000, 0x0000000800000000)
  region size 2048K, 4 young (8192K), 4 survivors (8192K)
 Metaspace       used 105095K, committed 106112K, reserved 1179648K
  class space    used 13126K, committed 13568K, reserved 1048576K
}

