# JRE version: OpenJDK Runtime Environment Microsoft-12574459 (21.0.9+10) (build 21.0.9+10-LTS)
# Java VM: OpenJDK 64-Bit Server VM Microsoft-12574459 (21.0.9+10-LTS, mixed mode, sharing, tiered, compressed oops, compressed class ptrs, g1 gc, windows-amd64)
GC Precious Log:
 CardTable entry size: 512
 Card Set container configuration: InlinePtr #cards 4 size 8 Array Of Cards #cards 16 size 48 Howl #buckets 8 coarsen threshold 3686 Howl Bitmap #cards 512 size 80 coarsen threshold 460 Card regions per heap region 1 cards per card region 4096
 CPUs: 16 total, 16 available
 Memory: 16088M
 Large Page Support: Disabled
 NUMA Support: Disabled
 Compressed Oops: Enabled (Zero based)
 Heap Region Size: 2M
 Heap Min Capacity: 8M
 Heap Initial Capacity: 252M
 Heap Max Capacity: 4024M
 Pre-touch: Disabled
 Parallel Workers: 13
 Concurrent Workers: 3
 Concurrent Refinement Workers: 13
 Periodic GC: Disabled
Heap:
 garbage-first heap   total 86016K, used 68705K [0x0000000704800000, 0x0000000800000000)
  region size 2048K, 16 young (32768K), 2 survivors (4096K)
 Metaspace       used 92527K, committed 93312K, reserved 1179648K
  class space    used 12317K, committed 12672K, reserved 1048576K
GC Heap History (20 events):
Event: 497.770 GC heap before
{Heap before GC invocations=23 (full 0):
 garbage-first heap   total 86016K, used 74333K [0x0000000704800000, 0x0000000800000000)
  region size 2048K, 18 young (36864K), 2 survivors (4096K)
 Metaspace       used 88101K, committed 88896K, reserved 1179648K
  class space    used 12049K, committed 12416K, reserved 1048576K
}
Event: 497.784 GC heap after
{Heap after GC invocations=24 (full 0):
 garbage-first heap   total 86016K, used 41450K [0x0000000704800000, 0x0000000800000000)
  region size 2048K, 2 young (4096K), 2 survivors (4096K)
 Metaspace       used 88101K, committed 88896K, reserved 1179648K
  class space    used 12049K, committed 12416K, reserved 1048576K
}
Event: 506.197 GC heap before
{Heap before GC invocations=24 (full 0):
 garbage-first heap   total 86016K, used 43498K [0x0000000704800000, 0x0000000800000000)
  region size 2048K, 4 young (8192K), 2 survivors (4096K)
 Metaspace       used 88465K, committed 89280K, reserved 1179648K
  class space    used 12103K, committed 12480K, reserved 1048576K
}
Event: 506.232 GC heap after
{Heap after GC invocations=25 (full 1):
 garbage-first heap   total 86016K, used 35662K [0x0000000704800000, 0x0000000800000000)
  region size 2048K, 0 young (0K), 0 survivors (0K)
 Metaspace       used 88461K, committed 89280K, reserved 1179648K
  class space    used 12103K, committed 12480K, reserved 1048576K
}
Event: 506.448 GC heap before
{Heap before GC invocations=25 (full 1):
 garbage-first heap   total 86016K, used 74574K [0x0000000704800000, 0x0000000800000000)
  region size 2048K, 19 young (38912K), 0 survivors (0K)
 Metaspace       used 89027K, committed 89856K, reserved 1179648K
  class space    used 12137K, committed 12480K, reserved 1048576K
}
Event: 506.450 GC heap after
{Heap after GC invocations=26 (full 1):
 garbage-first heap   total 86016K, used 39539K [0x0000000704800000, 0x0000000800000000)
  region size 2048K, 2 young (4096K), 2 survivors (4096K)
 Metaspace       used 89027K, committed 89856K, reserved 1179648K
  class space    used 12137K, committed 12480K, reserved 1048576K
}
Event: 506.738 GC heap before
{Heap before GC invocations=27 (full 1):
 garbage-first heap   total 86016K, used 72307K [0x0000000704800000, 0x0000000800000000)
  region size 2048K, 18 young (36864K), 2 survivors (4096K)
 Metaspace       used 89503K, committed 90304K, reserved 1179648K
  class space    used 12175K, committed 12544K, reserved 1048576K
}
Event: 506.739 GC heap after
{Heap after GC invocations=28 (full 1):
 garbage-first heap   total 86016K, used 41090K [0x0000000704800000, 0x0000000800000000)
  region size 2048K, 1 young (2048K), 1 survivors (2048K)
 Metaspace       used 89503K, committed 90304K, reserved 1179648K
  class space    used 12175K, committed 12544K, reserved 1048576K
}
Event: 507.977 GC heap before
{Heap before GC invocations=28 (full 1):
 garbage-first heap   total 86016K, used 73858K [0x0000000704800000, 0x0000000800000000)
  region size 2048K, 17 young (34816K), 1 survivors (2048K)
 Metaspace       used 90438K, committed 91200K, reserved 1179648K
  class space    used 12214K, committed 12544K, reserved 1048576K
}
Event: 507.983 GC heap after
{Heap after GC invocations=29 (full 1):
 garbage-first heap   total 86016K, used 43954K [0x0000000704800000, 0x0000000800000000)
  region size 2048K, 3 young (6144K), 3 survivors (6144K)
 Metaspace       used 90438K, committed 91200K, reserved 1179648K
  class space    used 12214K, committed 12544K, reserved 1048576K
}
Event: 525.567 GC heap before
{Heap before GC invocations=29 (full 1):
 garbage-first heap   total 86016K, used 72626K [0x0000000704800000, 0x0000000800000000)
  region size 2048K, 17 young (34816K), 3 survivors (6144K)
 Metaspace       used 90789K, committed 91648K, reserved 1179648K
  class space    used 12223K, committed 12608K, reserved 1048576K
}
Event: 525.583 GC heap after
{Heap after GC invocations=30 (full 1):
 garbage-first heap   total 86016K, used 47378K [0x0000000704800000, 0x0000000800000000)
  region size 2048K, 3 young (6144K), 3 survivors (6144K)
 Metaspace       used 90789K, committed 91648K, reserved 1179648K
  class space    used 12223K, committed 12608K, reserved 1048576K
}
Event: 681.689 GC heap before
{Heap before GC invocations=31 (full 1):
 garbage-first heap   total 86016K, used 74002K [0x0000000704800000, 0x0000000800000000)
  region size 2048K, 16 young (32768K), 3 survivors (6144K)
 Metaspace       used 91193K, committed 92032K, reserved 1179648K
  class space    used 12239K, committed 12608K, reserved 1048576K
}
Event: 681.691 GC heap after
{Heap after GC invocations=32 (full 1):
 garbage-first heap   total 86016K, used 48423K [0x0000000704800000, 0x0000000800000000)
  region size 2048K, 1 young (2048K), 1 survivors (2048K)
 Metaspace       used 91193K, committed 92032K, reserved 1179648K
  class space    used 12239K, committed 12608K, reserved 1048576K
}
Event: 682.106 GC heap before
{Heap before GC invocations=32 (full 1):
 garbage-first heap   total 86016K, used 48423K [0x0000000704800000, 0x0000000800000000)
  region size 2048K, 2 young (4096K), 1 survivors (2048K)
 Metaspace       used 91204K, committed 92032K, reserved 1179648K
  class space    used 12240K, committed 12608K, reserved 1048576K
}
Event: 682.142 GC heap after
{Heap after GC invocations=33 (full 2):
 garbage-first heap   total 86016K, used 36592K [0x0000000704800000, 0x0000000800000000)
  region size 2048K, 0 young (0K), 0 survivors (0K)
 Metaspace       used 91194K, committed 92032K, reserved 1179648K
  class space    used 12238K, committed 12608K, reserved 1048576K
}
Event: 682.357 GC heap before
{Heap before GC invocations=33 (full 2):
 garbage-first heap   total 86016K, used 67312K [0x0000000704800000, 0x0000000800000000)
  region size 2048K, 16 young (32768K), 0 survivors (0K)
 Metaspace       used 91600K, committed 92352K, reserved 1179648K
  class space    used 12272K, committed 12608K, reserved 1048576K
}
Event: 682.358 GC heap after
{Heap after GC invocations=34 (full 2):
 garbage-first heap   total 86016K, used 40122K [0x0000000704800000, 0x0000000800000000)
  region size 2048K, 2 young (4096K), 2 survivors (4096K)
 Metaspace       used 91600K, committed 92352K, reserved 1179648K
  class space    used 12272K, committed 12608K, reserved 1048576K
}
Event: 682.526 GC heap before
{Heap before GC invocations=35 (full 2):
 garbage-first heap   total 86016K, used 68794K [0x0000000704800000, 0x0000000800000000)
  region size 2048K, 17 young (34816K), 2 survivors (4096K)
 Metaspace       used 91872K, committed 92736K, reserved 1179648K
  class space    used 12289K, committed 12672K, reserved 1048576K
}
Event: 682.527 GC heap after
{Heap after GC invocations=36 (full 2):
 garbage-first heap   total 86016K, used 42081K [0x0000000704800000, 0x0000000800000000)
  region size 2048K, 2 young (4096K), 2 survivors (4096K)
 Metaspace       used 91872K, committed 92736K, reserved 1179648K
  class space    used 12289K, committed 12672K, reserved 1048576K
}

